<?xml version="1.0" encoding="UTF-8"?>
<testsuite name="com.revolut.solution.service.TransferServiceImplTest" tests="2" skipped="0" failures="0" errors="0" timestamp="2019-11-03T21:34:15" hostname="MacBook-Pro-Valentin.local" time="0.005">
  <properties/>
  <testcase name="whenDifferentAccountsThenTransferProcessedSuccessfully()" classname="com.revolut.solution.service.TransferServiceImplTest" time="0.003"/>
  <testcase name="whenSameAccountsThenExceptionThrown()" classname="com.revolut.solution.service.TransferServiceImplTest" time="0.001"/>
  <system-out><![CDATA[]]></system-out>
  <system-err><![CDATA[]]></system-err>
</testsuite>
