<?xml version="1.0" encoding="UTF-8"?>
<testsuite name="com.revolut.solution.service.AccountServiceImplTest" tests="9" skipped="0" failures="0" errors="0" timestamp="2019-11-03T21:34:15" hostname="MacBook-Pro-Valentin.local" time="0.092">
  <properties/>
  <testcase name="whenPositiveBalanceThenAccountCreatedSuccessfully()" classname="com.revolut.solution.service.AccountServiceImplTest" time="0.057"/>
  <testcase name="whenWithdrawMoreThanBalanceThenExceptionThrown()" classname="com.revolut.solution.service.AccountServiceImplTest" time="0.01"/>
  <testcase name="whenNegativeBalanceThenExceptionThrown()" classname="com.revolut.solution.service.AccountServiceImplTest" time="0.001"/>
  <testcase name="whenDepositLessThanBalanceThenSuccess()" classname="com.revolut.solution.service.AccountServiceImplTest" time="0.003"/>
  <testcase name="whenGetByIdThenReturnAccount()" classname="com.revolut.solution.service.AccountServiceImplTest" time="0.004"/>
  <testcase name="whenWithdrawLessThanBalanceThenSuccess()" classname="com.revolut.solution.service.AccountServiceImplTest" time="0.003"/>
  <testcase name="whenWithdrawNegativeAmountThenExceptionThrown()" classname="com.revolut.solution.service.AccountServiceImplTest" time="0.001"/>
  <testcase name="whenGetAllThenReturnAccounts()" classname="com.revolut.solution.service.AccountServiceImplTest" time="0.002"/>
  <testcase name="whenDepositNegativeAmountThenExceptionThrown()" classname="com.revolut.solution.service.AccountServiceImplTest" time="0.002"/>
  <system-out><![CDATA[]]></system-out>
  <system-err><![CDATA[]]></system-err>
</testsuite>
