<?xml version="1.0" encoding="UTF-8"?>
<testsuite name="com.revolut.solution.controller.AccountControllerTest" tests="5" skipped="0" failures="0" errors="0" timestamp="2019-11-03T21:34:11" hostname="MacBook-Pro-Valentin.local" time="1.316">
  <properties/>
  <testcase name="whenGetAccountByIdThenReturnResponse()" classname="com.revolut.solution.controller.AccountControllerTest" time="1.258"/>
  <testcase name="whenCreateAccountThenReturnResponse()" classname="com.revolut.solution.controller.AccountControllerTest" time="0.029"/>
  <testcase name="whenWithdrawThenReturnStatus()" classname="com.revolut.solution.controller.AccountControllerTest" time="0.008"/>
  <testcase name="whenGetAllAccountsThenReturnResponse()" classname="com.revolut.solution.controller.AccountControllerTest" time="0.007"/>
  <testcase name="whenDepositThenReturnStatus()" classname="com.revolut.solution.controller.AccountControllerTest" time="0.007"/>
  <system-out><![CDATA[]]></system-out>
  <system-err><![CDATA[]]></system-err>
</testsuite>
