<?xml version="1.0" encoding="UTF-8"?>
<testsuite name="com.revolut.solution.ApplicationIntegrationTest" tests="7" skipped="0" failures="0" errors="0" timestamp="2019-11-03T21:34:13" hostname="MacBook-Pro-Valentin.local" time="1.657">
  <properties/>
  <testcase name="whenCreateAccountThenReturnStatus()" classname="com.revolut.solution.ApplicationIntegrationTest" time="1.042"/>
  <testcase name="whenMakeTransferThenReturnStatus()" classname="com.revolut.solution.ApplicationIntegrationTest" time="0.087"/>
  <testcase name="whenGetAccountThenReturnResponse()" classname="com.revolut.solution.ApplicationIntegrationTest" time="0.348"/>
  <testcase name="whenCreateAccountWithNegativeBalanceThenReturnStatus()" classname="com.revolut.solution.ApplicationIntegrationTest" time="0.015"/>
  <testcase name="whenWithdrawThenReturnStatus()" classname="com.revolut.solution.ApplicationIntegrationTest" time="0.036"/>
  <testcase name="whenGetAllAccountsThenReturnResponse()" classname="com.revolut.solution.ApplicationIntegrationTest" time="0.096"/>
  <testcase name="whenDepositThenReturnStatus()" classname="com.revolut.solution.ApplicationIntegrationTest" time="0.03"/>
  <system-out><![CDATA[]]></system-out>
  <system-err><![CDATA[[Test worker] INFO io.javalin.Javalin - 
           __                      __ _
          / /____ _ _   __ ____ _ / /(_)____
     __  / // __ `/| | / // __ `// // // __ \
    / /_/ // /_/ / | |/ // /_/ // // // / / /
    \____/ \__,_/  |___/ \__,_//_//_//_/ /_/

        https://javalin.io/documentation

[Test worker] INFO org.eclipse.jetty.util.log - Logging initialized @3310ms to org.eclipse.jetty.util.log.Slf4jLog
[Test worker] INFO io.javalin.Javalin - Starting Javalin ...
[Test worker] INFO io.javalin.Javalin - Listening on http://localhost:8080/
[Test worker] INFO io.javalin.Javalin - Javalin started in 167ms \o/
org.h2.jdbc.JdbcSQLException: Table "ACCOUNT" already exists; SQL statement:
CREATE TABLE account (accountId VARCHAR PRIMARY KEY, balance DECIMAL) [42101-148]
	at org.h2.message.DbException.getJdbcSQLException(DbException.java:327)
	at org.h2.message.DbException.get(DbException.java:167)
	at org.h2.message.DbException.get(DbException.java:144)
	at org.h2.command.ddl.CreateTable.update(CreateTable.java:108)
	at org.h2.command.CommandContainer.update(CommandContainer.java:69)
	at org.h2.command.Command.executeUpdate(Command.java:200)
	at org.h2.jdbc.JdbcStatement.executeInternal(JdbcStatement.java:178)
	at org.h2.jdbc.JdbcStatement.execute(JdbcStatement.java:153)
	at com.revolut.solution.config.H2DataSourceProvider.get(H2DataSourceProvider.java:25)
	at com.revolut.solution.config.H2DataSourceProvider.get(H2DataSourceProvider.java:12)
	at com.google.inject.internal.ProviderInternalFactory.provision(ProviderInternalFactory.java:85)
	at com.google.inject.internal.BoundProviderFactory.provision(BoundProviderFactory.java:77)
	at com.google.inject.internal.ProviderInternalFactory.circularGet(ProviderInternalFactory.java:59)
	at com.google.inject.internal.BoundProviderFactory.get(BoundProviderFactory.java:61)
	at com.google.inject.internal.SingleParameterInjector.inject(SingleParameterInjector.java:42)
	at com.google.inject.internal.SingleParameterInjector.getAll(SingleParameterInjector.java:65)
	at com.google.inject.internal.ConstructorInjector.provision(ConstructorInjector.java:113)
	at com.google.inject.internal.ConstructorInjector.construct(ConstructorInjector.java:91)
	at com.google.inject.internal.ConstructorBindingImpl$Factory.get(ConstructorBindingImpl.java:306)
	at com.google.inject.internal.ProviderToInternalFactoryAdapter.get(ProviderToInternalFactoryAdapter.java:40)
	at com.google.inject.internal.SingletonScope$1.get(SingletonScope.java:168)
	at com.google.inject.internal.InternalFactoryToProviderAdapter.get(InternalFactoryToProviderAdapter.java:39)
	at com.google.inject.internal.FactoryProxy.get(FactoryProxy.java:62)
	at com.google.inject.internal.SingleParameterInjector.inject(SingleParameterInjector.java:42)
	at com.google.inject.internal.SingleParameterInjector.getAll(SingleParameterInjector.java:65)
	at com.google.inject.internal.ConstructorInjector.provision(ConstructorInjector.java:113)
	at com.google.inject.internal.ConstructorInjector.construct(ConstructorInjector.java:91)
	at com.google.inject.internal.ConstructorBindingImpl$Factory.get(ConstructorBindingImpl.java:306)
	at com.google.inject.internal.ProviderToInternalFactoryAdapter.get(ProviderToInternalFactoryAdapter.java:40)
	at com.google.inject.internal.SingletonScope$1.get(SingletonScope.java:168)
	at com.google.inject.internal.InternalFactoryToProviderAdapter.get(InternalFactoryToProviderAdapter.java:39)
	at com.google.inject.internal.FactoryProxy.get(FactoryProxy.java:62)
	at com.google.inject.internal.SingleParameterInjector.inject(SingleParameterInjector.java:42)
	at com.google.inject.internal.SingleParameterInjector.getAll(SingleParameterInjector.java:65)
	at com.google.inject.internal.ConstructorInjector.provision(ConstructorInjector.java:113)
	at com.google.inject.internal.ConstructorInjector.construct(ConstructorInjector.java:91)
	at com.google.inject.internal.ConstructorBindingImpl$Factory.get(ConstructorBindingImpl.java:306)
	at com.google.inject.internal.ProviderToInternalFactoryAdapter.get(ProviderToInternalFactoryAdapter.java:40)
	at com.google.inject.internal.SingletonScope$1.get(SingletonScope.java:168)
	at com.google.inject.internal.InternalFactoryToProviderAdapter.get(InternalFactoryToProviderAdapter.java:39)
	at com.google.inject.internal.InjectorImpl$1.get(InjectorImpl.java:1050)
	at com.google.inject.internal.InjectorImpl.getInstance(InjectorImpl.java:1086)
	at com.revolut.solution.Application.main(Application.java:30)
	at com.revolut.solution.Application.start(Application.java:52)
	at com.revolut.solution.ApplicationIntegrationTest.setUp(ApplicationIntegrationTest.java:24)
	at java.base/jdk.internal.reflect.NativeMethodAccessorImpl.invoke0(Native Method)
	at java.base/jdk.internal.reflect.NativeMethodAccessorImpl.invoke(NativeMethodAccessorImpl.java:62)
	at java.base/jdk.internal.reflect.DelegatingMethodAccessorImpl.invoke(DelegatingMethodAccessorImpl.java:43)
	at java.base/java.lang.reflect.Method.invoke(Method.java:566)
	at org.junit.platform.commons.util.ReflectionUtils.invokeMethod(ReflectionUtils.java:675)
	at org.junit.jupiter.engine.execution.MethodInvocation.proceed(MethodInvocation.java:60)
	at org.junit.jupiter.engine.execution.InvocationInterceptorChain$ValidatingInvocation.proceed(InvocationInterceptorChain.java:125)
	at org.junit.jupiter.engine.extension.TimeoutExtension.intercept(TimeoutExtension.java:132)
	at org.junit.jupiter.engine.extension.TimeoutExtension.interceptLifecycleMethod(TimeoutExtension.java:111)
	at org.junit.jupiter.engine.extension.TimeoutExtension.interceptBeforeAllMethod(TimeoutExtension.java:60)
	at org.junit.jupiter.engine.execution.ExecutableInvoker$ReflectiveInterceptorCall.lambda$ofVoidMethod$0(ExecutableInvoker.java:115)
	at org.junit.jupiter.engine.execution.ExecutableInvoker.lambda$invoke$0(ExecutableInvoker.java:105)
	at org.junit.jupiter.engine.execution.InvocationInterceptorChain$InterceptedInvocation.proceed(InvocationInterceptorChain.java:104)
	at org.junit.jupiter.engine.execution.InvocationInterceptorChain.proceed(InvocationInterceptorChain.java:62)
	at org.junit.jupiter.engine.execution.InvocationInterceptorChain.chainAndInvoke(InvocationInterceptorChain.java:43)
	at org.junit.jupiter.engine.execution.InvocationInterceptorChain.invoke(InvocationInterceptorChain.java:35)
	at org.junit.jupiter.engine.execution.ExecutableInvoker.invoke(ExecutableInvoker.java:104)
	at org.junit.jupiter.engine.execution.ExecutableInvoker.invoke(ExecutableInvoker.java:98)
	at org.junit.jupiter.engine.descriptor.ClassBasedTestDescriptor.lambda$invokeBeforeAllMethods$8(ClassBasedTestDescriptor.java:371)
	at org.junit.platform.engine.support.hierarchical.ThrowableCollector.execute(ThrowableCollector.java:73)
	at org.junit.jupiter.engine.descriptor.ClassBasedTestDescriptor.invokeBeforeAllMethods(ClassBasedTestDescriptor.java:369)
	at org.junit.jupiter.engine.descriptor.ClassBasedTestDescriptor.before(ClassBasedTestDescriptor.java:193)
	at org.junit.jupiter.engine.descriptor.ClassBasedTestDescriptor.before(ClassBasedTestDescriptor.java:77)
	at org.junit.platform.engine.support.hierarchical.NodeTestTask.lambda$executeRecursively$5(NodeTestTask.java:132)
	at org.junit.platform.engine.support.hierarchical.ThrowableCollector.execute(ThrowableCollector.java:73)
	at org.junit.platform.engine.support.hierarchical.NodeTestTask.lambda$executeRecursively$7(NodeTestTask.java:125)
	at org.junit.platform.engine.support.hierarchical.Node.around(Node.java:135)
	at org.junit.platform.engine.support.hierarchical.NodeTestTask.lambda$executeRecursively$8(NodeTestTask.java:123)
	at org.junit.platform.engine.support.hierarchical.ThrowableCollector.execute(ThrowableCollector.java:73)
	at org.junit.platform.engine.support.hierarchical.NodeTestTask.executeRecursively(NodeTestTask.java:122)
	at org.junit.platform.engine.support.hierarchical.NodeTestTask.execute(NodeTestTask.java:80)
	at java.base/java.util.ArrayList.forEach(ArrayList.java:1540)
	at org.junit.platform.engine.support.hierarchical.SameThreadHierarchicalTestExecutorService.invokeAll(SameThreadHierarchicalTestExecutorService.java:38)
	at org.junit.platform.engine.support.hierarchical.NodeTestTask.lambda$executeRecursively$5(NodeTestTask.java:139)
	at org.junit.platform.engine.support.hierarchical.ThrowableCollector.execute(ThrowableCollector.java:73)
	at org.junit.platform.engine.support.hierarchical.NodeTestTask.lambda$executeRecursively$7(NodeTestTask.java:125)
	at org.junit.platform.engine.support.hierarchical.Node.around(Node.java:135)
	at org.junit.platform.engine.support.hierarchical.NodeTestTask.lambda$executeRecursively$8(NodeTestTask.java:123)
	at org.junit.platform.engine.support.hierarchical.ThrowableCollector.execute(ThrowableCollector.java:73)
	at org.junit.platform.engine.support.hierarchical.NodeTestTask.executeRecursively(NodeTestTask.java:122)
	at org.junit.platform.engine.support.hierarchical.NodeTestTask.execute(NodeTestTask.java:80)
	at org.junit.platform.engine.support.hierarchical.SameThreadHierarchicalTestExecutorService.submit(SameThreadHierarchicalTestExecutorService.java:32)
	at org.junit.platform.engine.support.hierarchical.HierarchicalTestExecutor.execute(HierarchicalTestExecutor.java:57)
	at org.junit.platform.engine.support.hierarchical.HierarchicalTestEngine.execute(HierarchicalTestEngine.java:51)
	at org.junit.platform.launcher.core.DefaultLauncher.execute(DefaultLauncher.java:220)
	at org.junit.platform.launcher.core.DefaultLauncher.lambda$execute$6(DefaultLauncher.java:188)
	at org.junit.platform.launcher.core.DefaultLauncher.withInterceptedStreams(DefaultLauncher.java:202)
	at org.junit.platform.launcher.core.DefaultLauncher.execute(DefaultLauncher.java:181)
	at org.junit.platform.launcher.core.DefaultLauncher.execute(DefaultLauncher.java:128)
	at org.gradle.api.internal.tasks.testing.junitplatform.JUnitPlatformTestClassProcessor$CollectAllTestClassesExecutor.processAllTestClasses(JUnitPlatformTestClassProcessor.java:102)
	at org.gradle.api.internal.tasks.testing.junitplatform.JUnitPlatformTestClassProcessor$CollectAllTestClassesExecutor.access$000(JUnitPlatformTestClassProcessor.java:82)
	at org.gradle.api.internal.tasks.testing.junitplatform.JUnitPlatformTestClassProcessor.stop(JUnitPlatformTestClassProcessor.java:78)
	at org.gradle.api.internal.tasks.testing.SuiteTestClassProcessor.stop(SuiteTestClassProcessor.java:61)
	at java.base/jdk.internal.reflect.NativeMethodAccessorImpl.invoke0(Native Method)
	at java.base/jdk.internal.reflect.NativeMethodAccessorImpl.invoke(NativeMethodAccessorImpl.java:62)
	at java.base/jdk.internal.reflect.DelegatingMethodAccessorImpl.invoke(DelegatingMethodAccessorImpl.java:43)
	at java.base/java.lang.reflect.Method.invoke(Method.java:566)
	at org.gradle.internal.dispatch.ReflectionDispatch.dispatch(ReflectionDispatch.java:35)
	at org.gradle.internal.dispatch.ReflectionDispatch.dispatch(ReflectionDispatch.java:24)
	at org.gradle.internal.dispatch.ContextClassLoaderDispatch.dispatch(ContextClassLoaderDispatch.java:32)
	at org.gradle.internal.dispatch.ProxyDispatchAdapter$DispatchingInvocationHandler.invoke(ProxyDispatchAdapter.java:93)
	at com.sun.proxy.$Proxy2.stop(Unknown Source)
	at org.gradle.api.internal.tasks.testing.worker.TestWorker.stop(TestWorker.java:132)
	at java.base/jdk.internal.reflect.NativeMethodAccessorImpl.invoke0(Native Method)
	at java.base/jdk.internal.reflect.NativeMethodAccessorImpl.invoke(NativeMethodAccessorImpl.java:62)
	at java.base/jdk.internal.reflect.DelegatingMethodAccessorImpl.invoke(DelegatingMethodAccessorImpl.java:43)
	at java.base/java.lang.reflect.Method.invoke(Method.java:566)
	at org.gradle.internal.dispatch.ReflectionDispatch.dispatch(ReflectionDispatch.java:35)
	at org.gradle.internal.dispatch.ReflectionDispatch.dispatch(ReflectionDispatch.java:24)
	at org.gradle.internal.remote.internal.hub.MessageHubBackedObjectConnection$DispatchWrapper.dispatch(MessageHubBackedObjectConnection.java:175)
	at org.gradle.internal.remote.internal.hub.MessageHubBackedObjectConnection$DispatchWrapper.dispatch(MessageHubBackedObjectConnection.java:157)
	at org.gradle.internal.remote.internal.hub.MessageHub$Handler.run(MessageHub.java:404)
	at org.gradle.internal.concurrent.ExecutorPolicy$CatchAndRecordFailures.onExecute(ExecutorPolicy.java:63)
	at org.gradle.internal.concurrent.ManagedExecutorImpl$1.run(ManagedExecutorImpl.java:46)
	at java.base/java.util.concurrent.ThreadPoolExecutor.runWorker(ThreadPoolExecutor.java:1128)
	at java.base/java.util.concurrent.ThreadPoolExecutor$Worker.run(ThreadPoolExecutor.java:628)
	at org.gradle.internal.concurrent.ThreadFactoryImpl$ManagedThreadRunnable.run(ThreadFactoryImpl.java:55)
	at java.base/java.lang.Thread.run(Thread.java:834)
[qtp535712230-27] INFO io.javalin.Javalin - JAVALIN REQUEST DEBUG LOG:
Request: POST [/api/accounts]
    Matching endpoint-handlers: [POST=/api//accounts]
    Headers: {Accept=*/*, Connection=keep-alive, User-Agent=Apache-HttpClient/4.5.3 (Java/11.0.2), Host=localhost:8080, Accept-Encoding=gzip,deflate, Content-Length=51, Content-Type=text/plain; charset=ISO-8859-1}
    Cookies: {}
    Body: {
	"accountId": "dummyAccount",
	"balance": "100"
}
    QueryString: null
    QueryParams: {}
    FormParams: {{
	"accountId": "dummyAccount",
	"balance": "100"
}=[]}
Response: [201], execution took 259.40 ms
    Headers: {Server=Javalin, Date=Sun, 03 Nov 2019 21:34:14 GMT, Content-Type=application/json, Location=http://localhost:8080/api/accounts/dummyAccount}
    Body is 42 bytes (starts on next line):
    {"accountId":"dummyAccount","balance":100}
----------------------------------------------------------------------------------
[qtp535712230-22] INFO io.javalin.Javalin - JAVALIN REQUEST DEBUG LOG:
Request: POST [/api/accounts]
    Matching endpoint-handlers: [POST=/api//accounts]
    Headers: {Accept=*/*, Connection=keep-alive, User-Agent=Apache-HttpClient/4.5.3 (Java/11.0.2), Host=localhost:8080, Accept-Encoding=gzip,deflate, Content-Length=45, Content-Type=text/plain; charset=ISO-8859-1}
    Cookies: {}
    Body: {
	"accountId": "sender",
	"balance": "100"
}
    QueryString: null
    QueryParams: {}
    FormParams: {{
	"accountId": "sender",
	"balance": "100"
}=[]}
Response: [201], execution took 5.23 ms
    Headers: {Server=Javalin, Date=Sun, 03 Nov 2019 21:34:14 GMT, Content-Type=application/json, Location=http://localhost:8080/api/accounts/sender}
    Body is 36 bytes (starts on next line):
    {"accountId":"sender","balance":100}
----------------------------------------------------------------------------------
[qtp535712230-23] INFO io.javalin.Javalin - JAVALIN REQUEST DEBUG LOG:
Request: POST [/api/accounts]
    Matching endpoint-handlers: [POST=/api//accounts]
    Headers: {Accept=*/*, Connection=keep-alive, User-Agent=Apache-HttpClient/4.5.3 (Java/11.0.2), Host=localhost:8080, Accept-Encoding=gzip,deflate, Content-Length=47, Content-Type=text/plain; charset=ISO-8859-1}
    Cookies: {}
    Body: {
	"accountId": "receiver",
	"balance": "100"
}
    QueryString: null
    QueryParams: {}
    FormParams: {{
	"accountId": "receiver",
	"balance": "100"
}=[]}
Response: [201], execution took 6.17 ms
    Headers: {Server=Javalin, Date=Sun, 03 Nov 2019 21:34:14 GMT, Content-Type=application/json, Location=http://localhost:8080/api/accounts/receiver}
    Body is 38 bytes (starts on next line):
    {"accountId":"receiver","balance":100}
----------------------------------------------------------------------------------
[qtp535712230-20] INFO io.javalin.Javalin - JAVALIN REQUEST DEBUG LOG:
Request: POST [/api/transfer]
    Matching endpoint-handlers: [POST=/api//transfer]
    Headers: {Accept=*/*, Connection=keep-alive, User-Agent=Apache-HttpClient/4.5.3 (Java/11.0.2), Host=localhost:8080, Accept-Encoding=gzip,deflate, Content-Length=78, Content-Type=text/plain; charset=ISO-8859-1}
    Cookies: {}
    Body: {
	"fromAccountId": "sender",
	"toAccountId": "receiver",
	"amount": "20.01"
}
    QueryString: null
    QueryParams: {}
    FormParams: {{
	"fromAccountId": "sender",
	"toAccountId": "receiver",
	"amount": "20.01"
}=[]}
Response: [204], execution took 16.81 ms
    Headers: {Server=Javalin, Date=Sun, 03 Nov 2019 21:34:14 GMT, Content-Type=text/plain}
    No body was set
----------------------------------------------------------------------------------
[qtp535712230-21] INFO io.javalin.Javalin - JAVALIN REQUEST DEBUG LOG:
Request: POST [/api/accounts]
    Matching endpoint-handlers: [POST=/api//accounts]
    Headers: {Accept=*/*, Connection=keep-alive, User-Agent=Apache-HttpClient/4.5.3 (Java/11.0.2), Host=localhost:8080, Accept-Encoding=gzip,deflate, Content-Length=51, Content-Type=text/plain; charset=ISO-8859-1}
    Cookies: {}
    Body: {
	"accountId": "accountForGet",
	"balance": "50"
}
    QueryString: null
    QueryParams: {}
    FormParams: {{
	"accountId": "accountForGet",
	"balance": "50"
}=[]}
Response: [201], execution took 3.59 ms
    Headers: {Server=Javalin, Date=Sun, 03 Nov 2019 21:34:14 GMT, Content-Type=application/json, Location=http://localhost:8080/api/accounts/accountForGet}
    Body is 42 bytes (starts on next line):
    {"accountId":"accountForGet","balance":50}
----------------------------------------------------------------------------------
[qtp535712230-26] INFO io.javalin.Javalin - JAVALIN REQUEST DEBUG LOG:
Request: GET [/api/accounts/accountForGet]
    Matching endpoint-handlers: [GET=/api//accounts/:accountId]
    Headers: {Accept=*/*, Connection=keep-alive, User-Agent=Apache-HttpClient/4.5.3 (Java/11.0.2), Host=localhost:8080, Accept-Encoding=gzip,deflate}
    Cookies: {}
    Body: 
    QueryString: null
    QueryParams: {}
    FormParams: {}
Response: [200], execution took 3.26 ms
    Headers: {Server=Javalin, Date=Sun, 03 Nov 2019 21:34:14 GMT, Content-Type=application/json}
    Body is 42 bytes (starts on next line):
    {"accountId":"accountForGet","balance":50}
----------------------------------------------------------------------------------
[qtp535712230-27] INFO io.javalin.Javalin - JAVALIN REQUEST DEBUG LOG:
Request: POST [/api/accounts]
    Matching endpoint-handlers: [POST=/api//accounts]
    Headers: {Accept=*/*, Connection=keep-alive, User-Agent=Apache-HttpClient/4.5.3 (Java/11.0.2), Host=localhost:8080, Accept-Encoding=gzip,deflate, Content-Length=52, Content-Type=text/plain; charset=ISO-8859-1}
    Cookies: {}
    Body: {
	"accountId": "dummyAccount",
	"balance": "-100"
}
    QueryString: null
    QueryParams: {}
    FormParams: {{
	"accountId": "dummyAccount",
	"balance": "-100"
}=[]}
Response: [400], execution took 1.81 ms
    Headers: {Server=Javalin, Date=Sun, 03 Nov 2019 21:34:14 GMT, Content-Type=text/plain}
    Body is 36 bytes (starts on next line):
    Cannot process negative amount: -100
----------------------------------------------------------------------------------
[qtp535712230-22] INFO io.javalin.Javalin - JAVALIN REQUEST DEBUG LOG:
Request: POST [/api/accounts]
    Matching endpoint-handlers: [POST=/api//accounts]
    Headers: {Accept=*/*, Connection=keep-alive, User-Agent=Apache-HttpClient/4.5.3 (Java/11.0.2), Host=localhost:8080, Accept-Encoding=gzip,deflate, Content-Length=45, Content-Type=text/plain; charset=ISO-8859-1}
    Cookies: {}
    Body: {
	"accountId": "some15",
	"balance": "100"
}
    QueryString: null
    QueryParams: {}
    FormParams: {{
	"accountId": "some15",
	"balance": "100"
}=[]}
Response: [201], execution took 4.41 ms
    Headers: {Server=Javalin, Date=Sun, 03 Nov 2019 21:34:14 GMT, Content-Type=application/json, Location=http://localhost:8080/api/accounts/some15}
    Body is 36 bytes (starts on next line):
    {"accountId":"some15","balance":100}
----------------------------------------------------------------------------------
[qtp535712230-23] INFO io.javalin.Javalin - JAVALIN REQUEST DEBUG LOG:
Request: POST [/api/accounts/some15/withdraw]
    Matching endpoint-handlers: [POST=/api//accounts/:accountId/withdraw]
    Headers: {Accept=*/*, Connection=keep-alive, User-Agent=Apache-HttpClient/4.5.3 (Java/11.0.2), Host=localhost:8080, Accept-Encoding=gzip,deflate, Content-Length=17, Content-Type=text/plain; charset=ISO-8859-1}
    Cookies: {}
    Body: {
	"amount": 20
}
    QueryString: null
    QueryParams: {}
    FormParams: {{
	"amount": 20
}=[]}
Response: [204], execution took 5.87 ms
    Headers: {Server=Javalin, Date=Sun, 03 Nov 2019 21:34:14 GMT, Content-Type=text/plain}
    No body was set
----------------------------------------------------------------------------------
[qtp535712230-20] INFO io.javalin.Javalin - JAVALIN REQUEST DEBUG LOG:
Request: POST [/api/accounts]
    Matching endpoint-handlers: [POST=/api//accounts]
    Headers: {Accept=*/*, Connection=keep-alive, User-Agent=Apache-HttpClient/4.5.3 (Java/11.0.2), Host=localhost:8080, Accept-Encoding=gzip,deflate, Content-Length=46, Content-Type=text/plain; charset=ISO-8859-1}
    Cookies: {}
    Body: {
	"accountId": "account1",
	"balance": "50"
}
    QueryString: null
    QueryParams: {}
    FormParams: {{
	"accountId": "account1",
	"balance": "50"
}=[]}
Response: [201], execution took 3.75 ms
    Headers: {Server=Javalin, Date=Sun, 03 Nov 2019 21:34:14 GMT, Content-Type=application/json, Location=http://localhost:8080/api/accounts/account1}
    Body is 37 bytes (starts on next line):
    {"accountId":"account1","balance":50}
----------------------------------------------------------------------------------
[qtp535712230-26] INFO io.javalin.Javalin - JAVALIN REQUEST DEBUG LOG:
Request: GET [/api/accounts]
    Matching endpoint-handlers: [GET=/api//accounts]
    Headers: {Accept=*/*, Connection=keep-alive, User-Agent=Apache-HttpClient/4.5.3 (Java/11.0.2), Host=localhost:8080, Accept-Encoding=gzip,deflate}
    Cookies: {}
    Body: 
    QueryString: null
    QueryParams: {}
    FormParams: {}
Response: [200], execution took 5.32 ms
    Headers: {Server=Javalin, Date=Sun, 03 Nov 2019 21:34:14 GMT, Content-Type=application/json}
    Body is 462 bytes (starts on next line):
    [{"accountId":"present","balance":0},{"accountId":"duplicate","balance":100.01},{"accountId":"created","balance":100.01},{"accountId":"1","balance":10},{"accountId":"first","balance":0},{"accountId":"second","balance":0},{"accountId":"dummyAccount","balance":100},{"accountId":"sender","balance":79.99},{"accountId":"receiver","balance":120.01},{"accountId":"accountForGet","balance":50},{"accountId":"some15","balance":80},{"accountId":"account1","balance":50}]
----------------------------------------------------------------------------------
[qtp535712230-27] INFO io.javalin.Javalin - JAVALIN REQUEST DEBUG LOG:
Request: POST [/api/accounts]
    Matching endpoint-handlers: [POST=/api//accounts]
    Headers: {Accept=*/*, Connection=keep-alive, User-Agent=Apache-HttpClient/4.5.3 (Java/11.0.2), Host=localhost:8080, Accept-Encoding=gzip,deflate, Content-Length=45, Content-Type=text/plain; charset=ISO-8859-1}
    Cookies: {}
    Body: {
	"accountId": "some16",
	"balance": "100"
}
    QueryString: null
    QueryParams: {}
    FormParams: {{
	"accountId": "some16",
	"balance": "100"
}=[]}
Response: [201], execution took 4.45 ms
    Headers: {Server=Javalin, Date=Sun, 03 Nov 2019 21:34:15 GMT, Content-Type=application/json, Location=http://localhost:8080/api/accounts/some16}
    Body is 36 bytes (starts on next line):
    {"accountId":"some16","balance":100}
----------------------------------------------------------------------------------
[qtp535712230-22] INFO io.javalin.Javalin - JAVALIN REQUEST DEBUG LOG:
Request: POST [/api/accounts/some15/deposit]
    Matching endpoint-handlers: [POST=/api//accounts/:accountId/deposit]
    Headers: {Accept=*/*, Connection=keep-alive, User-Agent=Apache-HttpClient/4.5.3 (Java/11.0.2), Host=localhost:8080, Accept-Encoding=gzip,deflate, Content-Length=17, Content-Type=text/plain; charset=ISO-8859-1}
    Cookies: {}
    Body: {
	"amount": 20
}
    QueryString: null
    QueryParams: {}
    FormParams: {{
	"amount": 20
}=[]}
Response: [204], execution took 3.07 ms
    Headers: {Server=Javalin, Date=Sun, 03 Nov 2019 21:34:15 GMT, Content-Type=text/plain}
    No body was set
----------------------------------------------------------------------------------
[Test worker] INFO io.javalin.Javalin - Stopping Javalin ...
[Test worker] INFO io.javalin.Javalin - Javalin has stopped
]]></system-err>
</testsuite>
